This is pdfTeX, Version 3.141592653-2.6-1.40.25 (TeX Live 2023) (preloaded format=pdflatex 2023.11.27)  18 JAN 2024 15:09
entering extended mode
 restricted \write18 enabled.
 %&-line parsing enabled.
**awesome_table_in_pdf.tex
(./awesome_table_in_pdf.tex
LaTeX2e <2023-11-01>
L3 programming layer <2023-11-09>
(/Users/haozhu/Library/TinyTeX/texmf-dist/tex/latex/base/article.cls
Document Class: article 2023/05/17 v1.4n Standard LaTeX document class
(/Users/haozhu/Library/TinyTeX/texmf-dist/tex/latex/base/size10.clo
File: size10.clo 2023/05/17 v1.4n Standard LaTeX file (size option)
)
\c@part=\count186
\c@section=\count187
\c@subsection=\count188
\c@subsubsection=\count189
\c@paragraph=\count190
\c@subparagraph=\count191
\c@figure=\count192
\c@table=\count193
\abovecaptionskip=\skip48
\belowcaptionskip=\skip49
\bibindent=\dimen140
) (/Users/haozhu/Library/TinyTeX/texmf-dist/tex/latex/amsmath/amsmath.sty
Package: amsmath 2023/05/13 v2.17o AMS math features
\@mathmargin=\skip50
For additional information on amsmath, use the `?' option.
(/Users/haozhu/Library/TinyTeX/texmf-dist/tex/latex/amsmath/amstext.sty
Package: amstext 2021/08/26 v2.01 AMS text
(/Users/haozhu/Library/TinyTeX/texmf-dist/tex/latex/amsmath/amsgen.sty
File: amsgen.sty 1999/11/30 v2.0 generic functions
\@emptytoks=\toks17
\ex@=\dimen141
)) (/Users/haozhu/Library/TinyTeX/texmf-dist/tex/latex/amsmath/amsbsy.sty
Package: amsbsy 1999/11/29 v1.2d Bold Symbols
\pmbraise@=\dimen142
) (/Users/haozhu/Library/TinyTeX/texmf-dist/tex/latex/amsmath/amsopn.sty
Package: amsopn 2022/04/08 v2.04 operator names
)
\inf@bad=\count194
LaTeX Info: Redefining \frac on input line 234.
\uproot@=\count195
\leftroot@=\count196
LaTeX Info: Redefining \overline on input line 399.
LaTeX Info: Redefining \colon on input line 410.
\classnum@=\count197
\DOTSCASE@=\count198
LaTeX Info: Redefining \ldots on input line 496.
LaTeX Info: Redefining \dots on input line 499.
LaTeX Info: Redefining \cdots on input line 620.
\Mathstrutbox@=\box51
\strutbox@=\box52
LaTeX Info: Redefining \big on input line 722.
LaTeX Info: Redefining \Big on input line 723.
LaTeX Info: Redefining \bigg on input line 724.
LaTeX Info: Redefining \Bigg on input line 725.
\big@size=\dimen143
LaTeX Font Info:    Redeclaring font encoding OML on input line 743.
LaTeX Font Info:    Redeclaring font encoding OMS on input line 744.
\macc@depth=\count199
LaTeX Info: Redefining \bmod on input line 905.
LaTeX Info: Redefining \pmod on input line 910.
LaTeX Info: Redefining \smash on input line 940.
LaTeX Info: Redefining \relbar on input line 970.
LaTeX Info: Redefining \Relbar on input line 971.
\c@MaxMatrixCols=\count266
\dotsspace@=\muskip16
\c@parentequation=\count267
\dspbrk@lvl=\count268
\tag@help=\toks18
\row@=\count269
\column@=\count270
\maxfields@=\count271
\andhelp@=\toks19
\eqnshift@=\dimen144
\alignsep@=\dimen145
\tagshift@=\dimen146
\tagwidth@=\dimen147
\totwidth@=\dimen148
\lineht@=\dimen149
\@envbody=\toks20
\multlinegap=\skip51
\multlinetaggap=\skip52
\mathdisplay@stack=\toks21
LaTeX Info: Redefining \[ on input line 2953.
LaTeX Info: Redefining \] on input line 2954.
) (/Users/haozhu/Library/TinyTeX/texmf-dist/tex/latex/amsfonts/amssymb.sty
Package: amssymb 2013/01/14 v3.01 AMS font symbols
(/Users/haozhu/Library/TinyTeX/texmf-dist/tex/latex/amsfonts/amsfonts.sty
Package: amsfonts 2013/01/14 v3.01 Basic AMSFonts support
\symAMSa=\mathgroup4
\symAMSb=\mathgroup5
LaTeX Font Info:    Redeclaring math symbol \hbar on input line 98.
LaTeX Font Info:    Overwriting math alphabet `\mathfrak' in version `bold'
(Font)                  U/euf/m/n --> U/euf/b/n on input line 106.
)) (/Users/haozhu/Library/TinyTeX/texmf-dist/tex/generic/iftex/iftex.sty
Package: iftex 2022/02/03 v1.0f TeX engine tests
) (/Users/haozhu/Library/TinyTeX/texmf-dist/tex/latex/base/fontenc.sty
Package: fontenc 2021/04/29 v2.0v Standard LaTeX package
) (/Users/haozhu/Library/TinyTeX/texmf-dist/tex/latex/base/inputenc.sty
Package: inputenc 2021/02/14 v1.3d Input encoding file
\inpenc@prehook=\toks22
\inpenc@posthook=\toks23
) (/Users/haozhu/Library/TinyTeX/texmf-dist/tex/latex/base/textcomp.sty
Package: textcomp 2020/02/02 v2.0n Standard LaTeX package
) (/Users/haozhu/Library/TinyTeX/texmf-dist/tex/latex/lm/lmodern.sty
Package: lmodern 2015/05/01 v1.6.1 Latin Modern Fonts
LaTeX Font Info:    Overwriting symbol font `operators' in version `normal'
(Font)                  OT1/cmr/m/n --> OT1/lmr/m/n on input line 22.
LaTeX Font Info:    Overwriting symbol font `letters' in version `normal'
(Font)                  OML/cmm/m/it --> OML/lmm/m/it on input line 23.
LaTeX Font Info:    Overwriting symbol font `symbols' in version `normal'
(Font)                  OMS/cmsy/m/n --> OMS/lmsy/m/n on input line 24.
LaTeX Font Info:    Overwriting symbol font `largesymbols' in version `normal'
(Font)                  OMX/cmex/m/n --> OMX/lmex/m/n on input line 25.
LaTeX Font Info:    Overwriting symbol font `operators' in version `bold'
(Font)                  OT1/cmr/bx/n --> OT1/lmr/bx/n on input line 26.
LaTeX Font Info:    Overwriting symbol font `letters' in version `bold'
(Font)                  OML/cmm/b/it --> OML/lmm/b/it on input line 27.
LaTeX Font Info:    Overwriting symbol font `symbols' in version `bold'
(Font)                  OMS/cmsy/b/n --> OMS/lmsy/b/n on input line 28.
LaTeX Font Info:    Overwriting symbol font `largesymbols' in version `bold'
(Font)                  OMX/cmex/m/n --> OMX/lmex/m/n on input line 29.
LaTeX Font Info:    Overwriting math alphabet `\mathbf' in version `normal'
(Font)                  OT1/cmr/bx/n --> OT1/lmr/bx/n on input line 31.
LaTeX Font Info:    Overwriting math alphabet `\mathsf' in version `normal'
(Font)                  OT1/cmss/m/n --> OT1/lmss/m/n on input line 32.
LaTeX Font Info:    Overwriting math alphabet `\mathit' in version `normal'
(Font)                  OT1/cmr/m/it --> OT1/lmr/m/it on input line 33.
LaTeX Font Info:    Overwriting math alphabet `\mathtt' in version `normal'
(Font)                  OT1/cmtt/m/n --> OT1/lmtt/m/n on input line 34.
LaTeX Font Info:    Overwriting math alphabet `\mathbf' in version `bold'
(Font)                  OT1/cmr/bx/n --> OT1/lmr/bx/n on input line 35.
LaTeX Font Info:    Overwriting math alphabet `\mathsf' in version `bold'
(Font)                  OT1/cmss/bx/n --> OT1/lmss/bx/n on input line 36.
LaTeX Font Info:    Overwriting math alphabet `\mathit' in version `bold'
(Font)                  OT1/cmr/bx/it --> OT1/lmr/bx/it on input line 37.
LaTeX Font Info:    Overwriting math alphabet `\mathtt' in version `bold'
(Font)                  OT1/cmtt/m/n --> OT1/lmtt/m/n on input line 38.
) (/Users/haozhu/Library/TinyTeX/texmf-dist/tex/latex/xcolor/xcolor.sty
Package: xcolor 2023/11/15 v3.01 LaTeX color extensions (UK)
(/Users/haozhu/Library/TinyTeX/texmf-dist/tex/latex/graphics-cfg/color.cfg
File: color.cfg 2016/01/02 v1.6 sample color configuration
)
Package xcolor Info: Driver file: pdftex.def on input line 274.
(/Users/haozhu/Library/TinyTeX/texmf-dist/tex/latex/graphics-def/pdftex.def
File: pdftex.def 2022/09/22 v1.2b Graphics/color driver for pdftex
) (/Users/haozhu/Library/TinyTeX/texmf-dist/tex/latex/graphics/mathcolor.ltx)
Package xcolor Info: Model `cmy' substituted by `cmy0' on input line 1350.
Package xcolor Info: Model `hsb' substituted by `rgb' on input line 1354.
Package xcolor Info: Model `RGB' extended on input line 1366.
Package xcolor Info: Model `HTML' substituted by `rgb' on input line 1368.
Package xcolor Info: Model `Hsb' substituted by `hsb' on input line 1369.
Package xcolor Info: Model `tHsb' substituted by `hsb' on input line 1370.
Package xcolor Info: Model `HSB' substituted by `hsb' on input line 1371.
Package xcolor Info: Model `Gray' substituted by `gray' on input line 1372.
Package xcolor Info: Model `wave' substituted by `hsb' on input line 1373.
) (/Users/haozhu/Library/TinyTeX/texmf-dist/tex/latex/geometry/geometry.sty
Package: geometry 2020/01/02 v5.9 Page Geometry
(/Users/haozhu/Library/TinyTeX/texmf-dist/tex/latex/graphics/keyval.sty
Package: keyval 2022/05/29 v1.15 key=value parser (DPC)
\KV@toks@=\toks24
) (/Users/haozhu/Library/TinyTeX/texmf-dist/tex/generic/iftex/ifvtex.sty
Package: ifvtex 2019/10/25 v1.7 ifvtex legacy package. Use iftex instead.
)
\Gm@cnth=\count272
\Gm@cntv=\count273
\c@Gm@tempcnt=\count274
\Gm@bindingoffset=\dimen150
\Gm@wd@mp=\dimen151
\Gm@odd@mp=\dimen152
\Gm@even@mp=\dimen153
\Gm@layoutwidth=\dimen154
\Gm@layoutheight=\dimen155
\Gm@layouthoffset=\dimen156
\Gm@layoutvoffset=\dimen157
\Gm@dimlist=\toks25
) (/Users/haozhu/Library/TinyTeX/texmf-dist/tex/latex/fancyvrb/fancyvrb.sty
Package: fancyvrb 2023/11/06 4.5b verbatim text (tvz,hv)
\FV@CodeLineNo=\count275
\FV@InFile=\read2
\FV@TabBox=\box53
\c@FancyVerbLine=\count276
\FV@StepNumber=\count277
\FV@OutFile=\write3
) (/Users/haozhu/Library/TinyTeX/texmf-dist/tex/latex/framed/framed.sty
Package: framed 2011/10/22 v 0.96: framed or shaded text with page breaks
\OuterFrameSep=\skip53
\fb@frw=\dimen158
\fb@frh=\dimen159
\FrameRule=\dimen160
\FrameSep=\dimen161
) (/Users/haozhu/Library/TinyTeX/texmf-dist/tex/latex/graphics/graphicx.sty
Package: graphicx 2021/09/16 v1.2d Enhanced LaTeX Graphics (DPC,SPQR)
(/Users/haozhu/Library/TinyTeX/texmf-dist/tex/latex/graphics/graphics.sty
Package: graphics 2022/03/10 v1.4e Standard LaTeX Graphics (DPC,SPQR)
(/Users/haozhu/Library/TinyTeX/texmf-dist/tex/latex/graphics/trig.sty
Package: trig 2021/08/11 v1.11 sin cos tan (DPC)
) (/Users/haozhu/Library/TinyTeX/texmf-dist/tex/latex/graphics-cfg/graphics.cfg
File: graphics.cfg 2016/06/04 v1.11 sample graphics configuration
)
Package graphics Info: Driver file: pdftex.def on input line 107.
)
\Gin@req@height=\dimen162
\Gin@req@width=\dimen163
) (/Users/haozhu/Library/TinyTeX/texmf-dist/tex/latex/booktabs/booktabs.sty
Package: booktabs 2020/01/12 v1.61803398 Publication quality tables
\heavyrulewidth=\dimen164
\lightrulewidth=\dimen165
\cmidrulewidth=\dimen166
\belowrulesep=\dimen167
\belowbottomsep=\dimen168
\aboverulesep=\dimen169
\abovetopsep=\dimen170
\cmidrulesep=\dimen171
\cmidrulekern=\dimen172
\defaultaddspace=\dimen173
\@cmidla=\count278
\@cmidlb=\count279
\@aboverulesep=\dimen174
\@belowrulesep=\dimen175
\@thisruleclass=\count280
\@lastruleclass=\count281
\@thisrulewidth=\dimen176
) (/Users/haozhu/Library/TinyTeX/texmf-dist/tex/latex/tools/longtable.sty
Package: longtable 2023-11-01 v4.19 Multi-page Table package (DPC)
\LTleft=\skip54
\LTright=\skip55
\LTpre=\skip56
\LTpost=\skip57
\LTchunksize=\count282
\LTcapwidth=\dimen177
\LT@head=\box54
\LT@firsthead=\box55
\LT@foot=\box56
\LT@lastfoot=\box57
\LT@gbox=\box58
\LT@cols=\count283
\LT@rows=\count284
\c@LT@tables=\count285
\c@LT@chunks=\count286
\LT@p@ftn=\toks26
) (/Users/haozhu/Library/TinyTeX/texmf-dist/tex/latex/tools/array.sty
Package: array 2023/10/16 v2.5g Tabular extension package (FMi)
\col@sep=\dimen178
\ar@mcellbox=\box59
\extrarowheight=\dimen179
\NC@list=\toks27
\extratabsurround=\skip58
\backup@length=\skip59
\ar@cellbox=\box60
) (/Users/haozhu/Library/TinyTeX/texmf-dist/tex/latex/multirow/multirow.sty
Package: multirow 2021/03/15 v2.8 Span multiple rows of a table
\multirow@colwidth=\skip60
\multirow@cntb=\count287
\multirow@dima=\skip61
\bigstrutjot=\dimen180
) (/Users/haozhu/Library/TinyTeX/texmf-dist/tex/latex/wrapfig/wrapfig.sty
\wrapoverhang=\dimen181
\WF@size=\dimen182
\c@WF@wrappedlines=\count288
\WF@box=\box61
\WF@everypar=\toks28
Package: wrapfig 2003/01/31  v 3.6
) (/Users/haozhu/Library/TinyTeX/texmf-dist/tex/latex/float/float.sty
Package: float 2001/11/08 v1.3d Float enhancements (AL)
\c@float@type=\count289
\float@exts=\toks29
\float@box=\box62
\@float@everytoks=\toks30
\@floatcapt=\box63
) (/Users/haozhu/Library/TinyTeX/texmf-dist/tex/latex/colortbl/colortbl.sty
Package: colortbl 2022/06/20 v1.0f Color table columns (DPC)
\everycr=\toks31
\minrowclearance=\skip62
\rownum=\count290
) (/Users/haozhu/Library/TinyTeX/texmf-dist/tex/latex/pdflscape/pdflscape.sty
Package: pdflscape 2022-10-27 v0.13 Display of landscape pages in PDF
(/Users/haozhu/Library/TinyTeX/texmf-dist/tex/latex/pdflscape/pdflscape-nometadata.sty
Package: pdflscape-nometadata 2022-10-28 v0.13 Display of landscape pages in PDF (HO)
(/Users/haozhu/Library/TinyTeX/texmf-dist/tex/latex/graphics/lscape.sty
Package: lscape 2020/05/28 v3.02 Landscape Pages (DPC)
)
Package pdflscape Info: Auto-detected driver: pdftex on input line 81.
)) (/Users/haozhu/Library/TinyTeX/texmf-dist/tex/latex/tabu/tabu.sty
Package: tabu 2019/01/11 v2.9 - flexible LaTeX tabulars (FC+tabu-fixed)
(/Users/haozhu/Library/TinyTeX/texmf-dist/tex/latex/varwidth/varwidth.sty
Package: varwidth 2009/03/30 ver 0.92;  Variable-width minipages
\@vwid@box=\box64
\sift@deathcycles=\count291
\@vwid@loff=\dimen183
\@vwid@roff=\dimen184
)
\c@taburow=\count292
\tabu@nbcols=\count293
\tabu@cnt=\count294
\tabu@Xcol=\count295
\tabu@alloc=\count296
\tabu@nested=\count297
\tabu@target=\dimen185
\tabu@spreadtarget=\dimen186
\tabu@naturalX=\dimen187
\tabucolX=\dimen188
\tabu@Xsum=\dimen189
\extrarowdepth=\dimen190
\abovetabulinesep=\dimen191
\belowtabulinesep=\dimen192
\tabustrutrule=\dimen193
\tabu@thebody=\toks32
\tabu@footnotes=\toks33
\tabu@box=\box65
\tabu@arstrutbox=\box66
\tabu@hleads=\box67
\tabu@vleads=\box68
\tabu@cellskip=\skip63
) (/Users/haozhu/Library/TinyTeX/texmf-dist/tex/latex/threeparttable/threeparttable.sty
Package: threeparttable 2003/06/13  v 3.0
\@tempboxb=\box69
) (/Users/haozhu/Library/TinyTeX/texmf-dist/tex/latex/threeparttablex/threeparttablex.sty
Package: threeparttablex 2013/07/23 v0.3 by daleif
(/Users/haozhu/Library/TinyTeX/texmf-dist/tex/latex/environ/environ.sty
Package: environ 2014/05/04 v0.3 A new way to define environments
(/Users/haozhu/Library/TinyTeX/texmf-dist/tex/latex/trimspaces/trimspaces.sty
Package: trimspaces 2009/09/17 v1.1 Trim spaces around a token list
))
\TPTL@width=\skip64
) (/Users/haozhu/Library/TinyTeX/texmf-dist/tex/generic/ulem/ulem.sty
\UL@box=\box70
\UL@hyphenbox=\box71
\UL@skip=\skip65
\UL@hook=\toks34
\UL@height=\dimen194
\UL@pe=\count298
\UL@pixel=\dimen195
\ULC@box=\box72
Package: ulem 2019/11/18
\ULdepth=\dimen196
) (/Users/haozhu/Library/TinyTeX/texmf-dist/tex/latex/makecell/makecell.sty
Package: makecell 2009/08/03 V0.1e Managing of Tab Column Heads and Cells
\rotheadsize=\dimen197
\c@nlinenum=\count299
\TeXr@lab=\toks35
) (/Users/haozhu/Library/TinyTeX/texmf-dist/tex/latex/hyperref/hyperref.sty
Package: hyperref 2023-11-26 v7.01g Hypertext links for LaTeX
(/Users/haozhu/Library/TinyTeX/texmf-dist/tex/generic/infwarerr/infwarerr.sty
Package: infwarerr 2019/12/03 v1.5 Providing info/warning/error messages (HO)
) (/Users/haozhu/Library/TinyTeX/texmf-dist/tex/latex/kvsetkeys/kvsetkeys.sty
Package: kvsetkeys 2022-10-05 v1.19 Key value parser (HO)
) (/Users/haozhu/Library/TinyTeX/texmf-dist/tex/generic/kvdefinekeys/kvdefinekeys.sty
Package: kvdefinekeys 2019-12-19 v1.6 Define keys (HO)
) (/Users/haozhu/Library/TinyTeX/texmf-dist/tex/generic/pdfescape/pdfescape.sty
Package: pdfescape 2019/12/09 v1.15 Implements pdfTeX's escape features (HO)
(/Users/haozhu/Library/TinyTeX/texmf-dist/tex/generic/ltxcmds/ltxcmds.sty
Package: ltxcmds 2023-12-04 v1.26 LaTeX kernel commands for general use (HO)
) (/Users/haozhu/Library/TinyTeX/texmf-dist/tex/generic/pdftexcmds/pdftexcmds.sty
Package: pdftexcmds 2020-06-27 v0.33 Utility functions of pdfTeX for LuaTeX (HO)
Package pdftexcmds Info: \pdf@primitive is available.
Package pdftexcmds Info: \pdf@ifprimitive is available.
Package pdftexcmds Info: \pdfdraftmode found.
)) (/Users/haozhu/Library/TinyTeX/texmf-dist/tex/latex/hycolor/hycolor.sty
Package: hycolor 2020-01-27 v1.10 Color options for hyperref/bookmark (HO)
) (/Users/haozhu/Library/TinyTeX/texmf-dist/tex/latex/letltxmacro/letltxmacro.sty
Package: letltxmacro 2019/12/03 v1.6 Let assignment for LaTeX macros (HO)
) (/Users/haozhu/Library/TinyTeX/texmf-dist/tex/latex/auxhook/auxhook.sty
Package: auxhook 2019-12-17 v1.6 Hooks for auxiliary files (HO)
) (/Users/haozhu/Library/TinyTeX/texmf-dist/tex/latex/hyperref/nameref.sty
Package: nameref 2023-11-26 v2.56 Cross-referencing by name of section
(/Users/haozhu/Library/TinyTeX/texmf-dist/tex/latex/refcount/refcount.sty
Package: refcount 2019/12/15 v3.6 Data extraction from label references (HO)
) (/Users/haozhu/Library/TinyTeX/texmf-dist/tex/generic/gettitlestring/gettitlestring.sty
Package: gettitlestring 2019/12/15 v1.6 Cleanup title references (HO)
(/Users/haozhu/Library/TinyTeX/texmf-dist/tex/latex/kvoptions/kvoptions.sty
Package: kvoptions 2022-06-15 v3.15 Key value format for package options (HO)
))
\c@section@level=\count300
) (/Users/haozhu/Library/TinyTeX/texmf-dist/tex/latex/etoolbox/etoolbox.sty
Package: etoolbox 2020/10/05 v2.5k e-TeX tools for LaTeX (JAW)
\etb@tempcnta=\count301
)
\@linkdim=\dimen198
\Hy@linkcounter=\count302
\Hy@pagecounter=\count303
(/Users/haozhu/Library/TinyTeX/texmf-dist/tex/latex/hyperref/pd1enc.def
File: pd1enc.def 2023-11-26 v7.01g Hyperref: PDFDocEncoding definition (HO)
Now handling font encoding PD1 ...
... no UTF-8 mapping file for font encoding PD1
) (/Users/haozhu/Library/TinyTeX/texmf-dist/tex/generic/intcalc/intcalc.sty
Package: intcalc 2019/12/15 v1.3 Expandable calculations with integers (HO)
)
\Hy@SavedSpaceFactor=\count304
(/Users/haozhu/Library/TinyTeX/texmf-dist/tex/latex/hyperref/puenc.def
File: puenc.def 2023-11-26 v7.01g Hyperref: PDF Unicode definition (HO)
Now handling font encoding PU ...
... no UTF-8 mapping file for font encoding PU
)
Package hyperref Info: Option `unicode' set `true' on input line 4064.
Package hyperref Info: Hyper figures OFF on input line 4181.
Package hyperref Info: Link nesting OFF on input line 4186.
Package hyperref Info: Hyper index ON on input line 4189.
Package hyperref Info: Plain pages OFF on input line 4196.
Package hyperref Info: Backreferencing OFF on input line 4201.
Package hyperref Info: Implicit mode ON; LaTeX internals redefined.
Package hyperref Info: Bookmarks ON on input line 4448.
\c@Hy@tempcnt=\count305
(/Users/haozhu/Library/TinyTeX/texmf-dist/tex/latex/url/url.sty
\Urlmuskip=\muskip17
Package: url 2013/09/16  ver 3.4  Verb mode for urls, etc.
)
LaTeX Info: Redefining \url on input line 4786.
\XeTeXLinkMargin=\dimen199
(/Users/haozhu/Library/TinyTeX/texmf-dist/tex/generic/bitset/bitset.sty
Package: bitset 2019/12/09 v1.3 Handle bit-vector datatype (HO)
(/Users/haozhu/Library/TinyTeX/texmf-dist/tex/generic/bigintcalc/bigintcalc.sty
Package: bigintcalc 2019/12/15 v1.5 Expandable calculations on big integers (HO)
))
\Fld@menulength=\count306
\Field@Width=\dimen256
\Fld@charsize=\dimen257
Package hyperref Info: Hyper figures OFF on input line 6065.
Package hyperref Info: Link nesting OFF on input line 6070.
Package hyperref Info: Hyper index ON on input line 6073.
Package hyperref Info: backreferencing OFF on input line 6080.
Package hyperref Info: Link coloring OFF on input line 6085.
Package hyperref Info: Link coloring with OCG OFF on input line 6090.
Package hyperref Info: PDF/A mode OFF on input line 6095.
(/Users/haozhu/Library/TinyTeX/texmf-dist/tex/latex/base/atbegshi-ltx.sty
Package: atbegshi-ltx 2021/01/10 v1.0c Emulation of the original atbegshi
package with kernel methods
)
\Hy@abspage=\count307
\c@Item=\count308
\c@Hfootnote=\count309
)
Package hyperref Info: Driver (autodetected): hpdftex.
(/Users/haozhu/Library/TinyTeX/texmf-dist/tex/latex/hyperref/hpdftex.def
File: hpdftex.def 2023-11-26 v7.01g Hyperref driver for pdfTeX
(/Users/haozhu/Library/TinyTeX/texmf-dist/tex/latex/base/atveryend-ltx.sty
Package: atveryend-ltx 2020/08/19 v1.0a Emulation of the original atveryend package
with kernel methods
)
\Fld@listcount=\count310
\c@bookmark@seq@number=\count311
(/Users/haozhu/Library/TinyTeX/texmf-dist/tex/latex/rerunfilecheck/rerunfilecheck.sty
Package: rerunfilecheck 2022-07-10 v1.10 Rerun checks for auxiliary files (HO)
(/Users/haozhu/Library/TinyTeX/texmf-dist/tex/generic/uniquecounter/uniquecounter.sty
Package: uniquecounter 2019/12/15 v1.4 Provide unlimited unique counter (HO)
)
Package uniquecounter Info: New unique counter `rerunfilecheck' on input line 285.
)
\Hy@SectionHShift=\skip66
)
LaTeX Font Info:    Trying to load font information for T1+lmr on input line 127.
(/Users/haozhu/Library/TinyTeX/texmf-dist/tex/latex/lm/t1lmr.fd
File: t1lmr.fd 2015/05/01 v1.6.1 Font defs for Latin Modern
) (/Users/haozhu/Library/TinyTeX/texmf-dist/tex/latex/l3backend/l3backend-pdftex.def
File: l3backend-pdftex.def 2024-01-04 L3 backend support: PDF output (pdfTeX)
\l__color_backend_stack_int=\count312
\l__pdf_internal_box=\box73
) (./awesome_table_in_pdf.aux)
\openout1 = `awesome_table_in_pdf.aux'.

LaTeX Font Info:    Checking defaults for OML/cmm/m/it on input line 127.
LaTeX Font Info:    ... okay on input line 127.
LaTeX Font Info:    Checking defaults for OMS/cmsy/m/n on input line 127.
LaTeX Font Info:    ... okay on input line 127.
LaTeX Font Info:    Checking defaults for OT1/cmr/m/n on input line 127.
LaTeX Font Info:    ... okay on input line 127.
LaTeX Font Info:    Checking defaults for T1/cmr/m/n on input line 127.
LaTeX Font Info:    ... okay on input line 127.
LaTeX Font Info:    Checking defaults for TS1/cmr/m/n on input line 127.
LaTeX Font Info:    ... okay on input line 127.
LaTeX Font Info:    Checking defaults for OMX/cmex/m/n on input line 127.
LaTeX Font Info:    ... okay on input line 127.
LaTeX Font Info:    Checking defaults for U/cmr/m/n on input line 127.
LaTeX Font Info:    ... okay on input line 127.
LaTeX Font Info:    Checking defaults for PD1/pdf/m/n on input line 127.
LaTeX Font Info:    ... okay on input line 127.
LaTeX Font Info:    Checking defaults for PU/pdf/m/n on input line 127.
LaTeX Font Info:    ... okay on input line 127.
(/Users/haozhu/Library/TinyTeX/texmf-dist/tex/latex/epstopdf-pkg/epstopdf-base.sty
Package: epstopdf-base 2020-01-24 v2.11 Base part for package epstopdf
Package epstopdf-base Info: Redefining graphics rule for `.eps' on input line 485.
(/Users/haozhu/Library/TinyTeX/texmf-dist/tex/latex/latexconfig/epstopdf-sys.cfg
File: epstopdf-sys.cfg 2010/07/13 v1.3 Configuration of (r)epstopdf for TeX Live
))
*geometry* driver: auto-detecting
*geometry* detected driver: pdftex
*geometry* verbose mode - [ preamble ] result:
* driver: pdftex
* paper: <default>
* layout: <same size as paper>
* layoutoffset:(h,v)=(0.0pt,0.0pt)
* modes: 
* h-part:(L,W,R)=(72.26999pt, 469.75502pt, 72.26999pt)
* v-part:(T,H,B)=(72.26999pt, 650.43001pt, 72.26999pt)
* \paperwidth=614.295pt
* \paperheight=794.96999pt
* \textwidth=469.75502pt
* \textheight=650.43001pt
* \oddsidemargin=0.0pt
* \evensidemargin=0.0pt
* \topmargin=-37.0pt
* \headheight=12.0pt
* \headsep=25.0pt
* \topskip=10.0pt
* \footskip=30.0pt
* \marginparwidth=65.0pt
* \marginparsep=11.0pt
* \columnsep=10.0pt
* \skip\footins=9.0pt plus 4.0pt minus 2.0pt
* \hoffset=0.0pt
* \voffset=0.0pt
* \mag=1000
* \@twocolumnfalse
* \@twosidefalse
* \@mparswitchfalse
* \@reversemarginfalse
* (1in=72.27pt=25.4mm, 1cm=28.453pt)

Package hyperref Info: Link coloring OFF on input line 127.
(./awesome_table_in_pdf.out) (./awesome_table_in_pdf.out)
\@outlinefile=\write4
\openout4 = `awesome_table_in_pdf.out'.

LaTeX Font Info:    Trying to load font information for OT1+lmr on input line 129.
(/Users/haozhu/Library/TinyTeX/texmf-dist/tex/latex/lm/ot1lmr.fd
File: ot1lmr.fd 2015/05/01 v1.6.1 Font defs for Latin Modern
)
LaTeX Font Info:    Trying to load font information for OML+lmm on input line 129.
(/Users/haozhu/Library/TinyTeX/texmf-dist/tex/latex/lm/omllmm.fd
File: omllmm.fd 2015/05/01 v1.6.1 Font defs for Latin Modern
)
LaTeX Font Info:    Trying to load font information for OMS+lmsy on input line 129.
(/Users/haozhu/Library/TinyTeX/texmf-dist/tex/latex/lm/omslmsy.fd
File: omslmsy.fd 2015/05/01 v1.6.1 Font defs for Latin Modern
)
LaTeX Font Info:    Trying to load font information for OMX+lmex on input line 129.
(/Users/haozhu/Library/TinyTeX/texmf-dist/tex/latex/lm/omxlmex.fd
File: omxlmex.fd 2015/05/01 v1.6.1 Font defs for Latin Modern
)
LaTeX Font Info:    External font `lmex10' loaded for size
(Font)              <12> on input line 129.
LaTeX Font Info:    External font `lmex10' loaded for size
(Font)              <8> on input line 129.
LaTeX Font Info:    External font `lmex10' loaded for size
(Font)              <6> on input line 129.
LaTeX Font Info:    Trying to load font information for U+msa on input line 129.
(/Users/haozhu/Library/TinyTeX/texmf-dist/tex/latex/amsfonts/umsa.fd
File: umsa.fd 2013/01/14 v3.01 AMS symbols A
)
LaTeX Font Info:    Trying to load font information for U+msb on input line 129.
(/Users/haozhu/Library/TinyTeX/texmf-dist/tex/latex/amsfonts/umsb.fd
File: umsb.fd 2013/01/14 v3.01 AMS symbols B
) (./awesome_table_in_pdf.toc
LaTeX Font Info:    External font `lmex10' loaded for size
(Font)              <10> on input line 4.
LaTeX Font Info:    External font `lmex10' loaded for size
(Font)              <7> on input line 4.
LaTeX Font Info:    External font `lmex10' loaded for size
(Font)              <5> on input line 4.
[1

{/Users/haozhu/Library/TinyTeX/texmf-var/fonts/map/pdftex/updmap/pdftex.map}{/Users/haozhu/Library/TinyTeX/texmf-dist/fonts/enc/dvips/lm/lm-ec.enc}]
LaTeX Font Info:    Trying to load font information for T1+lmtt on input line 37.
(/Users/haozhu/Library/TinyTeX/texmf-dist/tex/latex/lm/t1lmtt.fd
File: t1lmtt.fd 2015/05/01 v1.6.1 Font defs for Latin Modern
))
\tf@toc=\write5
\openout5 = `awesome_table_in_pdf.toc'.

[2]
<kableExtra_sm.png, id=192, 61.6704pt x 71.0655pt>
File: kableExtra_sm.png Graphic file (type png)
<use kableExtra_sm.png>
Package pdftex.def Info: kableExtra_sm.png  used on input line 146.
(pdftex.def)             Requested size: 61.6721pt x 71.06747pt.
LaTeX Font Info:    Font shape `T1/lmtt/bx/n' in size <10> not available
(Font)              Font shape `T1/lmtt/b/n' tried instead on input line 171.
[3

 <./kableExtra_sm.png>]

LaTeX Font Warning: Font shape `T1/lmtt/bx/it' in size <10> not available
(Font)              Font shape `T1/lmtt/b/sl' tried instead on input line 237.

LaTeX Font Info:    Trying to load font information for TS1+lmtt on input line 237.
(/Users/haozhu/Library/TinyTeX/texmf-dist/tex/latex/lm/ts1lmtt.fd
File: ts1lmtt.fd 2015/05/01 v1.6.1 Font defs for Latin Modern
)

LaTeX Font Warning: Font shape `TS1/lmtt/bx/it' in size <10> not available
(Font)              Font shape `TS1/lmtt/b/sl' tried instead on input line 237.

[4{/Users/haozhu/Library/TinyTeX/texmf-dist/fonts/enc/dvips/lm/lm-ts1.enc}] [5]

LaTeX Warning: `!h' float specifier changed to `!ht'.

[6] [7] [8] [9] [10] [11] [12]
File: kableExtra_sm.png Graphic file (type png)
<use kableExtra_sm.png>
Package pdftex.def Info: kableExtra_sm.png  used on input line 947.
(pdftex.def)             Requested size: 61.6721pt x 71.06747pt.
File: kableExtra_sm.png Graphic file (type png)
<use kableExtra_sm.png>
Package pdftex.def Info: kableExtra_sm.png  used on input line 948.
(pdftex.def)             Requested size: 61.6721pt x 71.06747pt.
File: kableExtra_sm.png Graphic file (type png)
<use kableExtra_sm.png>
Package pdftex.def Info: kableExtra_sm.png  used on input line 972.
(pdftex.def)             Requested size: 10.66074pt x 12.28482pt.
File: kableExtra_sm.png Graphic file (type png)
<use kableExtra_sm.png>
Package pdftex.def Info: kableExtra_sm.png  used on input line 973.
(pdftex.def)             Requested size: 10.66074pt x 12.28482pt.
[13]
<awesome_table_in_pdf_files/figure-latex//boxplot_158bb68a8d4f7.pdf, id=286, 48.18pt x 12.045pt>
File: awesome_table_in_pdf_files/figure-latex//boxplot_158bb68a8d4f7.pdf Graphic file (type pdf)
<use awesome_table_in_pdf_files/figure-latex//boxplot_158bb68a8d4f7.pdf>
Package pdftex.def Info: awesome_table_in_pdf_files/figure-latex//boxplot_158bb68a8d4f7.pdf  used on input line 1009.
(pdftex.def)             Requested size: 48.42024pt x 12.10504pt.
<awesome_table_in_pdf_files/figure-latex//hist_158bb21f5405b.pdf, id=287, 48.18pt x 12.045pt>
File: awesome_table_in_pdf_files/figure-latex//hist_158bb21f5405b.pdf Graphic file (type pdf)
<use awesome_table_in_pdf_files/figure-latex//hist_158bb21f5405b.pdf>
Package pdftex.def Info: awesome_table_in_pdf_files/figure-latex//hist_158bb21f5405b.pdf  used on input line 1009.
(pdftex.def)             Requested size: 48.42024pt x 12.10504pt.
<awesome_table_in_pdf_files/figure-latex//plot_158bb5df93cb5.pdf, id=288, 48.18pt x 12.045pt>
File: awesome_table_in_pdf_files/figure-latex//plot_158bb5df93cb5.pdf Graphic file (type pdf)
<use awesome_table_in_pdf_files/figure-latex//plot_158bb5df93cb5.pdf>
Package pdftex.def Info: awesome_table_in_pdf_files/figure-latex//plot_158bb5df93cb5.pdf  used on input line 1009.
(pdftex.def)             Requested size: 48.42024pt x 12.10504pt.
<awesome_table_in_pdf_files/figure-latex//plot_158bb753b1cfd.pdf, id=289, 48.18pt x 12.045pt>
File: awesome_table_in_pdf_files/figure-latex//plot_158bb753b1cfd.pdf Graphic file (type pdf)
<use awesome_table_in_pdf_files/figure-latex//plot_158bb753b1cfd.pdf>
Package pdftex.def Info: awesome_table_in_pdf_files/figure-latex//plot_158bb753b1cfd.pdf  used on input line 1009.
(pdftex.def)             Requested size: 48.42024pt x 12.10504pt.
<awesome_table_in_pdf_files/figure-latex//plot_158bb60774d24.pdf, id=290, 48.18pt x 12.045pt>
File: awesome_table_in_pdf_files/figure-latex//plot_158bb60774d24.pdf Graphic file (type pdf)
<use awesome_table_in_pdf_files/figure-latex//plot_158bb60774d24.pdf>
Package pdftex.def Info: awesome_table_in_pdf_files/figure-latex//plot_158bb60774d24.pdf  used on input line 1009.
(pdftex.def)             Requested size: 48.42024pt x 12.10504pt.
<awesome_table_in_pdf_files/figure-latex//plot_158bb48dc2f79.pdf, id=291, 48.18pt x 12.045pt>
File: awesome_table_in_pdf_files/figure-latex//plot_158bb48dc2f79.pdf Graphic file (type pdf)
<use awesome_table_in_pdf_files/figure-latex//plot_158bb48dc2f79.pdf>
Package pdftex.def Info: awesome_table_in_pdf_files/figure-latex//plot_158bb48dc2f79.pdf  used on input line 1009.
(pdftex.def)             Requested size: 48.42024pt x 12.10504pt.
<awesome_table_in_pdf_files/figure-latex//plot_158bb553c31c5.pdf, id=292, 48.18pt x 12.045pt>
File: awesome_table_in_pdf_files/figure-latex//plot_158bb553c31c5.pdf Graphic file (type pdf)
<use awesome_table_in_pdf_files/figure-latex//plot_158bb553c31c5.pdf>
Package pdftex.def Info: awesome_table_in_pdf_files/figure-latex//plot_158bb553c31c5.pdf  used on input line 1009.
(pdftex.def)             Requested size: 48.42024pt x 12.10504pt.
<awesome_table_in_pdf_files/figure-latex//boxplot_158bb4b6eb79b.pdf, id=293, 48.18pt x 12.045pt>
File: awesome_table_in_pdf_files/figure-latex//boxplot_158bb4b6eb79b.pdf Graphic file (type pdf)
<use awesome_table_in_pdf_files/figure-latex//boxplot_158bb4b6eb79b.pdf>
Package pdftex.def Info: awesome_table_in_pdf_files/figure-latex//boxplot_158bb4b6eb79b.pdf  used on input line 1010.
(pdftex.def)             Requested size: 48.42024pt x 12.10504pt.
<awesome_table_in_pdf_files/figure-latex//hist_158bb8ffb161.pdf, id=294, 48.18pt x 12.045pt>
File: awesome_table_in_pdf_files/figure-latex//hist_158bb8ffb161.pdf Graphic file (type pdf)
<use awesome_table_in_pdf_files/figure-latex//hist_158bb8ffb161.pdf>
Package pdftex.def Info: awesome_table_in_pdf_files/figure-latex//hist_158bb8ffb161.pdf  used on input line 1010.
(pdftex.def)             Requested size: 48.42024pt x 12.10504pt.
<awesome_table_in_pdf_files/figure-latex//plot_158bbb0d97f3.pdf, id=295, 48.18pt x 12.045pt>
File: awesome_table_in_pdf_files/figure-latex//plot_158bbb0d97f3.pdf Graphic file (type pdf)
<use awesome_table_in_pdf_files/figure-latex//plot_158bbb0d97f3.pdf>
Package pdftex.def Info: awesome_table_in_pdf_files/figure-latex//plot_158bbb0d97f3.pdf  used on input line 1010.
(pdftex.def)             Requested size: 48.42024pt x 12.10504pt.
<awesome_table_in_pdf_files/figure-latex//plot_158bb5c21349c.pdf, id=296, 48.18pt x 12.045pt>
File: awesome_table_in_pdf_files/figure-latex//plot_158bb5c21349c.pdf Graphic file (type pdf)
<use awesome_table_in_pdf_files/figure-latex//plot_158bb5c21349c.pdf>
Package pdftex.def Info: awesome_table_in_pdf_files/figure-latex//plot_158bb5c21349c.pdf  used on input line 1010.
(pdftex.def)             Requested size: 48.42024pt x 12.10504pt.
<awesome_table_in_pdf_files/figure-latex//plot_158bb20922469.pdf, id=297, 48.18pt x 12.045pt>
File: awesome_table_in_pdf_files/figure-latex//plot_158bb20922469.pdf Graphic file (type pdf)
<use awesome_table_in_pdf_files/figure-latex//plot_158bb20922469.pdf>
Package pdftex.def Info: awesome_table_in_pdf_files/figure-latex//plot_158bb20922469.pdf  used on input line 1010.
(pdftex.def)             Requested size: 48.42024pt x 12.10504pt.
<awesome_table_in_pdf_files/figure-latex//plot_158bb42c59284.pdf, id=298, 48.18pt x 12.045pt>
File: awesome_table_in_pdf_files/figure-latex//plot_158bb42c59284.pdf Graphic file (type pdf)
<use awesome_table_in_pdf_files/figure-latex//plot_158bb42c59284.pdf>
Package pdftex.def Info: awesome_table_in_pdf_files/figure-latex//plot_158bb42c59284.pdf  used on input line 1010.
(pdftex.def)             Requested size: 48.42024pt x 12.10504pt.
<awesome_table_in_pdf_files/figure-latex//plot_158bb56d5aa90.pdf, id=299, 48.18pt x 12.045pt>
File: awesome_table_in_pdf_files/figure-latex//plot_158bb56d5aa90.pdf Graphic file (type pdf)
<use awesome_table_in_pdf_files/figure-latex//plot_158bb56d5aa90.pdf>
Package pdftex.def Info: awesome_table_in_pdf_files/figure-latex//plot_158bb56d5aa90.pdf  used on input line 1010.
(pdftex.def)             Requested size: 48.42024pt x 12.10504pt.
<awesome_table_in_pdf_files/figure-latex//boxplot_158bb4e520db5.pdf, id=300, 48.18pt x 12.045pt>
File: awesome_table_in_pdf_files/figure-latex//boxplot_158bb4e520db5.pdf Graphic file (type pdf)
<use awesome_table_in_pdf_files/figure-latex//boxplot_158bb4e520db5.pdf>
Package pdftex.def Info: awesome_table_in_pdf_files/figure-latex//boxplot_158bb4e520db5.pdf  used on input line 1011.
(pdftex.def)             Requested size: 48.42024pt x 12.10504pt.
<awesome_table_in_pdf_files/figure-latex//hist_158bb3f2afc1e.pdf, id=301, 48.18pt x 12.045pt>
File: awesome_table_in_pdf_files/figure-latex//hist_158bb3f2afc1e.pdf Graphic file (type pdf)
<use awesome_table_in_pdf_files/figure-latex//hist_158bb3f2afc1e.pdf>
Package pdftex.def Info: awesome_table_in_pdf_files/figure-latex//hist_158bb3f2afc1e.pdf  used on input line 1011.
(pdftex.def)             Requested size: 48.42024pt x 12.10504pt.
<awesome_table_in_pdf_files/figure-latex//plot_158bb32cf4c92.pdf, id=302, 48.18pt x 12.045pt>
File: awesome_table_in_pdf_files/figure-latex//plot_158bb32cf4c92.pdf Graphic file (type pdf)
<use awesome_table_in_pdf_files/figure-latex//plot_158bb32cf4c92.pdf>
Package pdftex.def Info: awesome_table_in_pdf_files/figure-latex//plot_158bb32cf4c92.pdf  used on input line 1011.
(pdftex.def)             Requested size: 48.42024pt x 12.10504pt.
<awesome_table_in_pdf_files/figure-latex//plot_158bb7b43760.pdf, id=303, 48.18pt x 12.045pt>
File: awesome_table_in_pdf_files/figure-latex//plot_158bb7b43760.pdf Graphic file (type pdf)
<use awesome_table_in_pdf_files/figure-latex//plot_158bb7b43760.pdf>
Package pdftex.def Info: awesome_table_in_pdf_files/figure-latex//plot_158bb7b43760.pdf  used on input line 1011.
(pdftex.def)             Requested size: 48.42024pt x 12.10504pt.
<awesome_table_in_pdf_files/figure-latex//plot_158bb49e2d8ba.pdf, id=304, 48.18pt x 12.045pt>
File: awesome_table_in_pdf_files/figure-latex//plot_158bb49e2d8ba.pdf Graphic file (type pdf)
<use awesome_table_in_pdf_files/figure-latex//plot_158bb49e2d8ba.pdf>
Package pdftex.def Info: awesome_table_in_pdf_files/figure-latex//plot_158bb49e2d8ba.pdf  used on input line 1011.
(pdftex.def)             Requested size: 48.42024pt x 12.10504pt.
<awesome_table_in_pdf_files/figure-latex//plot_158bb625149a4.pdf, id=305, 48.18pt x 12.045pt>
File: awesome_table_in_pdf_files/figure-latex//plot_158bb625149a4.pdf Graphic file (type pdf)
<use awesome_table_in_pdf_files/figure-latex//plot_158bb625149a4.pdf>
Package pdftex.def Info: awesome_table_in_pdf_files/figure-latex//plot_158bb625149a4.pdf  used on input line 1011.
(pdftex.def)             Requested size: 48.42024pt x 12.10504pt.
<awesome_table_in_pdf_files/figure-latex//plot_158bb47963c17.pdf, id=306, 48.18pt x 12.045pt>
File: awesome_table_in_pdf_files/figure-latex//plot_158bb47963c17.pdf Graphic file (type pdf)
<use awesome_table_in_pdf_files/figure-latex//plot_158bb47963c17.pdf>
Package pdftex.def Info: awesome_table_in_pdf_files/figure-latex//plot_158bb47963c17.pdf  used on input line 1011.
(pdftex.def)             Requested size: 48.42024pt x 12.10504pt.
<awesome_table_in_pdf_files/figure-latex//pointrange_158bb6940ca05.pdf, id=307, 48.18pt x 12.045pt>
File: awesome_table_in_pdf_files/figure-latex//pointrange_158bb6940ca05.pdf Graphic file (type pdf)
<use awesome_table_in_pdf_files/figure-latex//pointrange_158bb6940ca05.pdf>
Package pdftex.def Info: awesome_table_in_pdf_files/figure-latex//pointrange_158bb6940ca05.pdf  used on input line 1050.
(pdftex.def)             Requested size: 48.42024pt x 12.10504pt.
<awesome_table_in_pdf_files/figure-latex//pointrange_158bb1c992bf.pdf, id=308, 48.18pt x 12.045pt>
File: awesome_table_in_pdf_files/figure-latex//pointrange_158bb1c992bf.pdf Graphic file (type pdf)
<use awesome_table_in_pdf_files/figure-latex//pointrange_158bb1c992bf.pdf>
Package pdftex.def Info: awesome_table_in_pdf_files/figure-latex//pointrange_158bb1c992bf.pdf  used on input line 1051.
(pdftex.def)             Requested size: 48.42024pt x 12.10504pt.
<awesome_table_in_pdf_files/figure-latex//pointrange_158bb75e89bfa.pdf, id=309, 48.18pt x 12.045pt>
File: awesome_table_in_pdf_files/figure-latex//pointrange_158bb75e89bfa.pdf Graphic file (type pdf)
<use awesome_table_in_pdf_files/figure-latex//pointrange_158bb75e89bfa.pdf>
Package pdftex.def Info: awesome_table_in_pdf_files/figure-latex//pointrange_158bb75e89bfa.pdf  used on input line 1052.
(pdftex.def)             Requested size: 48.42024pt x 12.10504pt.
[14 <./awesome_table_in_pdf_files/figure-latex//boxplot_158bb68a8d4f7.pdf> <./awesome_table_in_pdf_files/figure-latex//hist_158bb21f5405b.pdf> <./awesome_table_in_pdf_files/figure-latex//plot_158bb5df93cb5.pdf> <./awesome_table_in_pdf_files/figure-latex//plot_158bb753b1cfd.pdf> <./awesome_table_in_pdf_files/figure-latex//plot_158bb60774d24.pdf> <./awesome_table_in_pdf_files/figure-latex//plot_158bb48dc2f79.pdf> <./awesome_table_in_pdf_files/figure-latex//plot_158bb553c31c5.pdf> <./awesome_table_in_pdf_files/figure-latex//boxplot_158bb4b6eb79b.pdf> <./awesome_table_in_pdf_files/figure-latex//hist_158bb8ffb161.pdf> <./awesome_table_in_pdf_files/figure-latex//plot_158bbb0d97f3.pdf> <./awesome_table_in_pdf_files/figure-latex//plot_158bb5c21349c.pdf> <./awesome_table_in_pdf_files/figure-latex//plot_158bb20922469.pdf> <./awesome_table_in_pdf_files/figure-latex//plot_158bb42c59284.pdf> <./awesome_table_in_pdf_files/figure-latex//plot_158bb56d5aa90.pdf> <./awesome_table_in_pdf_files/figure-latex//boxplot_158bb4e520db5.pdf> <./awesome_table_in_pdf_files/figure-latex//hist_158bb3f2afc1e.pdf> <./awesome_table_in_pdf_files/figure-latex//plot_158bb32cf4c92.pdf> <./awesome_table_in_pdf_files/figure-latex//plot_158bb7b43760.pdf> <./awesome_table_in_pdf_files/figure-latex//plot_158bb49e2d8ba.pdf> <./awesome_table_in_pdf_files/figure-latex//plot_158bb625149a4.pdf> <./awesome_table_in_pdf_files/figure-latex//plot_158bb47963c17.pdf> <./awesome_table_in_pdf_files/figure-latex//pointrange_158bb6940ca05.pdf> <./awesome_table_in_pdf_files/figure-latex//pointrange_158bb1c992bf.pdf> <./awesome_table_in_pdf_files/figure-latex//pointrange_158bb75e89bfa.pdf>] [15] [16] [17] [18] [19] [20] [21] [22] [23]
LaTeX Font Info:    Trying to load font information for TS1+lmr on input line 1923.
(/Users/haozhu/Library/TinyTeX/texmf-dist/tex/latex/lm/ts1lmr.fd
File: ts1lmr.fd 2015/05/01 v1.6.1 Font defs for Latin Modern
) [24]
Underfull \hbox (badness 1558) in paragraph at lines 1965--1979
[]\T1/lmr/m/n/10 If you need to add foot-note marks in a ta-ble, you need to do it man-u-ally (no fancy) us-ing
 []

[25] [26] [27] [28

]
LaTeX Font Info:    Font shape `T1/lmtt/bx/n' in size <12> not available
(Font)              Font shape `T1/lmtt/b/n' tried instead on input line 2219.
[29

] [30] (./awesome_table_in_pdf.aux)
 ***********
LaTeX2e <2023-11-01>
L3 programming layer <2023-11-09>
 ***********
Package rerunfilecheck Info: File `awesome_table_in_pdf.out' has not changed.
(rerunfilecheck)             Checksum: AC1E940F9CF62EBEB2A7A859D6F49687;5038.
 ) 
Here is how much of TeX's memory you used:
 13436 strings out of 476227
 217912 string characters out of 5795866
 1999555 words of memory out of 5000000
 35014 multiletter control sequences out of 15000+600000
 675660 words of font info for 107 fonts, out of 8000000 for 9000
 14 hyphenation exceptions out of 8191
 75i,15n,79p,906b,549s stack positions out of 10000i,1000n,20000p,200000b,200000s
</Users/haozhu/Library/TinyTeX/texmf-dist/fonts/type1/public/lm/lmbx10.pfb></Users/haozhu/Library/TinyTeX/texmf-dist/fonts/type1/public/lm/lmbx12.pfb></Users/haozhu/Library/TinyTeX/texmf-dist/fonts/type1/public/lm/lmbx8.pfb></Users/haozhu/Library/TinyTeX/texmf-dist/fonts/type1/public/lm/lmbx9.pfb></Users/haozhu/Library/TinyTeX/texmf-dist/fonts/type1/public/lm/lmbxi10.pfb></Users/haozhu/Library/TinyTeX/texmf-dist/fonts/type1/public/lm/lmr10.pfb></Users/haozhu/Library/TinyTeX/texmf-dist/fonts/type1/public/lm/lmr12.pfb></Users/haozhu/Library/TinyTeX/texmf-dist/fonts/type1/public/lm/lmr17.pfb></Users/haozhu/Library/TinyTeX/texmf-dist/fonts/type1/public/lm/lmr5.pfb></Users/haozhu/Library/TinyTeX/texmf-dist/fonts/type1/public/lm/lmr6.pfb></Users/haozhu/Library/TinyTeX/texmf-dist/fonts/type1/public/lm/lmr7.pfb></Users/haozhu/Library/TinyTeX/texmf-dist/fonts/type1/public/lm/lmr8.pfb></Users/haozhu/Library/TinyTeX/texmf-dist/fonts/type1/public/lm/lmr9.pfb></Users/haozhu/Library/TinyTeX/texmf-dist/fonts/type1/public/lm/lmri10.pfb></Users/haozhu/Library/TinyTeX/texmf-dist/fonts/type1/public/lm/lmtk10.pfb></Users/haozhu/Library/TinyTeX/texmf-dist/fonts/type1/public/lm/lmtko10.pfb></Users/haozhu/Library/TinyTeX/texmf-dist/fonts/type1/public/lm/lmtt10.pfb></Users/haozhu/Library/TinyTeX/texmf-dist/fonts/type1/public/lm/lmtti10.pfb>
Output written on awesome_table_in_pdf.pdf (30 pages, 677989 bytes).
PDF statistics:
 604 PDF objects out of 1000 (max. 8388607)
 477 compressed objects within 5 object streams
 113 named destinations out of 1000 (max. 500000)
 398 words of extra memory for PDF output out of 10000 (max. 10000000)

